<?xml version="1.0" encoding="UTF-8"?>
<!-- Generated by org.testng.reporters.JUnitXMLReporter -->
<testsuite hostname="DESKTOP-3S6F6G8" ignored="3" name="groupTest" tests="2" failures="0" timestamp="06 Jun 2019 03:16:55 GMT" time="0.066" errors="0">
  <testcase name="bes" time="0.021" classname="com.class3.deneme"/>
  <testcase name="bir" time="0.007" classname="com.class3.deneme"/>
  <testcase name="uc" time="0.0" classname="com.class3.deneme">
    <ignored/>
  </testcase> <!-- uc -->
  <testcase name="dort" time="0.0" classname="com.class3.deneme">
    <ignored/>
  </testcase> <!-- dort -->
  <testcase name="iki" time="0.0" classname="com.class3.deneme">
    <ignored/>
  </testcase> <!-- iki -->
</testsuite> <!-- groupTest -->
