<?xml version="1.0" encoding="UTF-8"?>
<!-- Generated by org.testng.reporters.JUnitXMLReporter -->
<testsuite ignored="0" hostname="DESKTOP-BG5TCU2" failures="1" tests="1" name="Test2" time="0.062" errors="0" timestamp="12 Jun 2019 19:40:13 GMT">
  <testcase classname="com.class5.demoTest" name="testCrossBrowser" time="0.051">
    <failure type="java.lang.IllegalStateException" message="The driver executable does not exist: C:\Users\Mustafa\eclipse-workspace\TestGrbasics\src\drivers\geckodriver">
      <![CDATA[java.lang.IllegalStateException: The driver executable does not exist: C:\Users\Mustafa\eclipse-workspace\TestGrbasics\src\drivers\geckodriver
at com.google.common.base.Preconditions.checkState(Preconditions.java:585)
at org.openqa.selenium.remote.service.DriverService.checkExecutable(DriverService.java:146)
at org.openqa.selenium.remote.service.DriverService.findExecutable(DriverService.java:141)
at org.openqa.selenium.firefox.GeckoDriverService.access$100(GeckoDriverService.java:44)
at org.openqa.selenium.firefox.GeckoDriverService$Builder.findDefaultExecutable(GeckoDriverService.java:167)
at org.openqa.selenium.remote.service.DriverService$Builder.build(DriverService.java:355)
at org.openqa.selenium.firefox.FirefoxDriver.toExecutor(FirefoxDriver.java:190)
at org.openqa.selenium.firefox.FirefoxDriver.<init>(FirefoxDriver.java:147)
at org.openqa.selenium.firefox.FirefoxDriver.<init>(FirefoxDriver.java:125)
at utills.CommonMethods.setUpDriver(CommonMethods.java:39)
at com.class5.demoTest.testCrossBrowser(demoTest.java:24)
... Removed 25 stack frames]]>
    </failure>
  </testcase> <!-- testCrossBrowser -->
</testsuite> <!-- Test2 -->
