<?xml version="1.0" encoding="UTF-8"?>
<!-- Generated by org.testng.reporters.JUnitXMLReporter -->
<testsuite hostname="DESKTOP-3S6F6G8" ignored="1" name="Test(failed)" tests="2" failures="0" timestamp="06 Jun 2019 23:48:58 GMT" time="12.948" errors="0">
  <testcase name="maılıngınfo" time="0.514" classname="com.class3.NewtoursExample"/>
  <testcase name="userInformation" time="1.184" classname="com.class3.NewtoursExample"/>
  <testcase name="contactinfo" time="0.0" classname="com.class3.NewtoursExample">
    <ignored/>
  </testcase> <!-- contactinfo -->
</testsuite> <!-- Test(failed) -->
